SF:lib/features/favorites/services/favorites_caching_service.dart
DA:12,1
DA:21,1
DA:24,4
DA:26,1
DA:28,2
DA:35,1
DA:36,2
DA:42,1
DA:45,0
DA:57,1
DA:58,1
DA:60,1
DA:62,1
DA:64,1
DA:71,1
DA:72,1
DA:78,0
DA:88,1
DA:89,1
DA:95,0
DA:97,0
LF:21
LH:17
end_of_record
SF:lib/core/cache_manager.dart
DA:6,0
DA:9,0
DA:10,0
DA:16,0
DA:17,0
LF:5
LH:0
end_of_record
SF:lib/data/models/product_model.dart
DA:13,1
DA:23,0
DA:24,0
DA:25,0
DA:26,0
DA:27,0
DA:28,0
DA:29,0
DA:30,0
DA:31,0
DA:40,2
DA:41,1
DA:42,1
DA:43,1
DA:44,1
DA:45,1
DA:46,1
DA:47,1
DA:50,0
DA:51,0
DA:52,0
DA:53,0
DA:54,0
DA:55,0
DA:56,0
DA:57,0
DA:58,0
DA:66,0
DA:71,0
DA:72,0
DA:73,0
DA:74,0
DA:83,0
DA:84,0
DA:85,0
DA:88,0
DA:89,0
DA:90,0
DA:91,0
LF:39
LH:9
end_of_record
